<?xml version="1.0" encoding="UTF-8" ?>
<testsuite failures="0" time="0.137" errors="0" skipped="0" tests="34" name="smartrics.rest.fitnesse.fixture.support.ToolsTest">
  <properties>
    <property name="java.runtime.name" value="Java(TM) SE Runtime Environment"/>
    <property name="sun.boot.library.path" value="C:\Program Files\Java\jdk1.7.0_79\jre\bin"/>
    <property name="java.vm.version" value="24.79-b02"/>
    <property name="java.vm.vendor" value="Oracle Corporation"/>
    <property name="java.vendor.url" value="http://java.oracle.com/"/>
    <property name="path.separator" value=";"/>
    <property name="guice.disable.misplaced.annotation.check" value="true"/>
    <property name="java.vm.name" value="Java HotSpot(TM) 64-Bit Server VM"/>
    <property name="file.encoding.pkg" value="sun.io"/>
    <property name="user.script" value=""/>
    <property name="user.country" value="CN"/>
    <property name="sun.java.launcher" value="SUN_STANDARD"/>
    <property name="sun.os.patch.level" value="Service Pack 1"/>
    <property name="java.vm.specification.name" value="Java Virtual Machine Specification"/>
    <property name="user.dir" value="C:\Users\yilan.ly\Downloads\JsonRestFixture-master"/>
    <property name="java.runtime.version" value="1.7.0_79-b15"/>
    <property name="java.awt.graphicsenv" value="sun.awt.Win32GraphicsEnvironment"/>
    <property name="java.endorsed.dirs" value="C:\Program Files\Java\jdk1.7.0_79\jre\lib\endorsed"/>
    <property name="os.arch" value="amd64"/>
    <property name="java.io.tmpdir" value="C:\Users\yilan.ly\AppData\Local\Temp\"/>
    <property name="line.separator" value="
"/>
    <property name="java.vm.specification.vendor" value="Oracle Corporation"/>
    <property name="user.variant" value=""/>
    <property name="os.name" value="Windows 7"/>
    <property name="classworlds.conf" value="D:\Jetty\.metadata\.plugins\org.eclipse.m2e.launching\launches\m2conf4241394995425394054.tmp"/>
    <property name="sun.jnu.encoding" value="GBK"/>
    <property name="java.library.path" value="C:\Program Files\Java\jdk1.7.0_79\bin;C:\windows\Sun\Java\bin;C:\windows\system32;C:\windows;C:/Program Files/Java/jre1.8.0_111/bin/server;C:/Program Files/Java/jre1.8.0_111/bin;C:/Program Files/Java/jre1.8.0_111/lib/amd64;C:\ProgramData\Oracle\Java\javapath;C:\windows\system32;C:\windows;C:\windows\System32\Wbem;C:\windows\System32\WindowsPowerShell\v1.0\;C:\Python27;C:\Program Files\Mercurial;C:\Program Files\TortoiseSVN\bin;C:\Program Files\TortoiseGit\bin;C:\Program Files\Git\cmd;C:\Program Files\Git\mingw64\bin;C:\Program Files\Git\usr\bin;C:\Program Files\Java\jdk1.7.0_79\bin;D:\Android\adt-bundle-windows-x86_64-20140702\sdk\platform-tools;D:\Android\adt-bundle-windows-x86_64-20140702\sdk\tools;C:\Program Files\phantomjs-2.0.0-windows\bin;C:\Program Files\nodejs\;D:\Jetty\canopy\User;D:\Jetty\canopy\User\Scripts;C:\Users\yilan.ly\AppData\Roaming\npm;C:\Program Files (x86)\Microsoft VS Code\bin;D:\EclipseJetty;;."/>
    <property name="java.specification.name" value="Java Platform API Specification"/>
    <property name="java.class.version" value="51.0"/>
    <property name="sun.management.compiler" value="HotSpot 64-Bit Tiered Compilers"/>
    <property name="os.version" value="6.1"/>
    <property name="user.home" value="C:\Users\yilan.ly"/>
    <property name="user.timezone" value="Asia/Shanghai"/>
    <property name="java.awt.printerjob" value="sun.awt.windows.WPrinterJob"/>
    <property name="java.specification.version" value="1.7"/>
    <property name="file.encoding" value="UTF-8"/>
    <property name="user.name" value="yilan.ly"/>
    <property name="java.class.path" value="/D:/EclipseJetty/plugins/org.eclipse.m2e.maven.runtime_1.5.0.20140605-2032/jars/plexus-classworlds-2.5.1.jar"/>
    <property name="org.slf4j.simpleLogger.defaultLogLevel" value="info"/>
    <property name="java.vm.specification.version" value="1.7"/>
    <property name="sun.arch.data.model" value="64"/>
    <property name="java.home" value="C:\Program Files\Java\jdk1.7.0_79\jre"/>
    <property name="sun.java.command" value="org.codehaus.plexus.classworlds.launcher.Launcher -B -s D:\.m2\Settings.xml clean install"/>
    <property name="java.specification.vendor" value="Oracle Corporation"/>
    <property name="user.language" value="zh"/>
    <property name="awt.toolkit" value="sun.awt.windows.WToolkit"/>
    <property name="java.vm.info" value="mixed mode"/>
    <property name="java.version" value="1.7.0_79"/>
    <property name="java.ext.dirs" value="C:\Program Files\Java\jdk1.7.0_79\jre\lib\ext;C:\windows\Sun\Java\lib\ext"/>
    <property name="sun.boot.class.path" value="C:\Program Files\Java\jdk1.7.0_79\jre\lib\resources.jar;C:\Program Files\Java\jdk1.7.0_79\jre\lib\rt.jar;C:\Program Files\Java\jdk1.7.0_79\jre\lib\sunrsasign.jar;C:\Program Files\Java\jdk1.7.0_79\jre\lib\jsse.jar;C:\Program Files\Java\jdk1.7.0_79\jre\lib\jce.jar;C:\Program Files\Java\jdk1.7.0_79\jre\lib\charsets.jar;C:\Program Files\Java\jdk1.7.0_79\jre\lib\jfr.jar;C:\Program Files\Java\jdk1.7.0_79\jre\classes"/>
    <property name="java.vendor" value="Oracle Corporation"/>
    <property name="maven.home" value="C:\Users\yilan.ly\Downloads\JsonRestFixture-master\EMBEDDED"/>
    <property name="file.separator" value="\"/>
    <property name="java.vendor.url.bug" value="http://bugreport.sun.com/bugreport/"/>
    <property name="sun.cpu.endian" value="little"/>
    <property name="sun.io.unicode.encoding" value="UnicodeLittle"/>
    <property name="sun.desktop" value="windows"/>
    <property name="sun.cpu.isalist" value="amd64"/>
  </properties>
  <testcase time="0" classname="smartrics.rest.fitnesse.fixture.support.ToolsTest" name="shouldThrowRTEWhenWrappingAStringIntoAnInputStreamWithUnknownEncoding"/>
  <testcase time="0" classname="smartrics.rest.fitnesse.fixture.support.ToolsTest" name="basicChecksOnMakeCollapsableItemWhenPlain"/>
  <testcase time="0.001" classname="smartrics.rest.fitnesse.fixture.support.ToolsTest" name="shouldConvertAMapIntoAStringRepresentation"/>
  <testcase time="0.009" classname="smartrics.rest.fitnesse.fixture.support.ToolsTest" name="shouldThrowRTEWrappingInputStreamExceptionsWhenReadingInputStreamToAString"/>
  <testcase time="0.022" classname="smartrics.rest.fitnesse.fixture.support.ToolsTest" name="shouldConvertJsonToXml"/>
  <testcase time="0.011" classname="smartrics.rest.fitnesse.fixture.support.ToolsTest" name="shouldExtractXPathsFromXmlDocumentWithNestedGenericNamespace"/>
  <testcase time="0" classname="smartrics.rest.fitnesse.fixture.support.ToolsTest" name="shouldConvertAMultilineStringIntoAMapIgnoresEmptyLines"/>
  <testcase time="0.006" classname="smartrics.rest.fitnesse.fixture.support.ToolsTest" name="shouldExtractXPathsFromXmlDocumentAsNumberWithGenericNamespace"/>
  <testcase time="0.005" classname="smartrics.rest.fitnesse.fixture.support.ToolsTest" name="shouldExtractXPathsFromXmlDocumentAsNumber"/>
  <testcase time="0" classname="smartrics.rest.fitnesse.fixture.support.ToolsTest" name="mustMatchWhenRegexIsValidAndThereIsAMatch"/>
  <testcase time="0.013" classname="smartrics.rest.fitnesse.fixture.support.ToolsTest" name="shouldNotifyCallerWhenXmlIsWrong"/>
  <testcase time="0" classname="smartrics.rest.fitnesse.fixture.support.ToolsTest" name="shouldExtractTextFromSimpleTag"/>
  <testcase time="0.016" classname="smartrics.rest.fitnesse.fixture.support.ToolsTest" name="shouldNotifyCallerWhenXmlCannotBeParsed"/>
  <testcase time="0" classname="smartrics.rest.fitnesse.fixture.support.ToolsTest" name="shouldWrapTextInHtmlAnchor"/>
  <testcase time="0.02" classname="smartrics.rest.fitnesse.fixture.support.ToolsTest" name="shouldExtractXPathsFromXmlDocumentAsNodeLists"/>
  <testcase time="0" classname="smartrics.rest.fitnesse.fixture.support.ToolsTest" name="mustNotMatchWhenRegexIsInvalidAndNotifyError"/>
  <testcase time="0" classname="smartrics.rest.fitnesse.fixture.support.ToolsTest" name="shouldReadAnInputStreamToAString"/>
  <testcase time="0" classname="smartrics.rest.fitnesse.fixture.support.ToolsTest" name="shouldCheckIfAStringIsValidJson"/>
  <testcase time="0.007" classname="smartrics.rest.fitnesse.fixture.support.ToolsTest" name="shouldExtractXPathsFromXmlDocumentAsStrings"/>
  <testcase time="0" classname="smartrics.rest.fitnesse.fixture.support.ToolsTest" name="mustNotMatchWhenRegexIsValidAndThereIsNotAMatch"/>
  <testcase time="0.001" classname="smartrics.rest.fitnesse.fixture.support.ToolsTest" name="shouldConvertAStringIntoAMap"/>
  <testcase time="0" classname="smartrics.rest.fitnesse.fixture.support.ToolsTest" name="basicChecksOnMakeCollapsableItemWhenHtml"/>
  <testcase time="0.013" classname="smartrics.rest.fitnesse.fixture.support.ToolsTest" name="shouldNotifyCallerWhenXPathIsWrong"/>
  <testcase time="0" classname="smartrics.rest.fitnesse.fixture.support.ToolsTest" name="shouldConvertAMultilineStringIntoAMap"/>
  <testcase time="0" classname="smartrics.rest.fitnesse.fixture.support.ToolsTest" name="shouldConvertAMultilineStringIntoAMapWhenEscapeSequenceIsNested"/>
  <testcase time="0.001" classname="smartrics.rest.fitnesse.fixture.support.ToolsTest" name="shouldThrowWhenReadingInputStreamToAStringWhenTryingToEncodeWithUnknownEncoding"/>
  <testcase time="0" classname="smartrics.rest.fitnesse.fixture.support.ToolsTest" name="shouldConvertAStringIntoAMapAndCleanHtmlTagsFromValues"/>
  <testcase time="0" classname="smartrics.rest.fitnesse.fixture.support.ToolsTest" name="shouldExtractXPathsFromXmlDocumentAsNodelistWithGenericNamespace"/>
  <testcase time="0" classname="smartrics.rest.fitnesse.fixture.support.ToolsTest" name="codeCoversionUsesCodeHtmlTag"/>
  <testcase time="0" classname="smartrics.rest.fitnesse.fixture.support.ToolsTest" name="shouldWrapAStringIntoAnInputStream"/>
  <testcase time="0.003" classname="smartrics.rest.fitnesse.fixture.support.ToolsTest" name="shouldExtractXPathsFromXmlDocumentAsNumberWithDefaultNamespace2"/>
  <testcase time="0" classname="smartrics.rest.fitnesse.fixture.support.ToolsTest" name="dualityOfToAndFromHtml"/>
  <testcase time="0.004" classname="smartrics.rest.fitnesse.fixture.support.ToolsTest" name="shouldExtractXPathsFromXmlDocumentAsNumberWithDefaultNamespace"/>
  <testcase time="0.005" classname="smartrics.rest.fitnesse.fixture.support.ToolsTest" name="shouldExtractXPathsFromXmlDocumentAsBoolean"/>
</testsuite>